Abbrv.
Abbr.
Adm.
Ala.
Alex.
Apr.
Ariz.
Ark.
AUG.
Aug.
Ave.
Bancorp.
Bhd.
Blvd.
Brig.
Bros.
Cal.
Ca.
Calif.
Capt.
Cie.
Cmdr.
Co.
co.
Col.
Colo.
Conn.
Corp.
Cos.
Cpl.
cu.
Dec.
Del.
Dept.
dept.
Dr.
Drs.
e.g.
etc.
Etc.
Feb.
fl.
fl. oz.
Fla.
Fr.
Fri.
Ft.
ft.
Ga.
Gen.
Gov.
i.e.
Ill.
Inc.
inc.
Ind.
InfoCorp.
Infocorp.
Intercorp.
Jan.
Jr.
jr.
Jul.
Jun.
Kan.
Ky.
La.
lb.
lbs.
Lt.
Ltd.
Ltda.
Maj.
Mar.
Mass.
MCorp.
Md.
Me.
Me.T.A.
Mfg.
mfg.
Mich.
Minn.
Miss.
Mo.
Mt.
Mont.
Mr.
Mrs.
Ms.
Messrs.
Neb.
Nev.
Num.
num.
No.
Nov.
Oct.
Okla.
Ont.
Op.
Ore.
Pa.
p.
PacifiCorp.
Penn.
PHLCorp.
Ph.D.
PhD.
P.H.D.
Prof.
Prop.
Pte.
Pty.
Pvt.
Rd.
rd.
Rep.
Reps.
Rev.
Sen.
Sens.
Sept.
Sgt.
S.p.A.
Sr.
St.
ST.
st.
Ste.
sq.
Tel.
Tenn.
Tex.
Va.
Vt.
vs.
W.Va.
Wash.
Wis.
Wyo.
Yr.
